2025-01-27 22:23:29,215 - INFO - RFMSRiskClassifier initialized with dataframe of shape (95662, 62)
2025-01-27 22:24:42,898 - INFO - Calculating recency...
2025-01-27 22:24:42,956 - INFO - Recency calculation successful, resulting dataframe shape: (95662, 63)
2025-01-27 22:26:57,688 - INFO - RFMSRiskClassifier initialized with dataframe of shape (95662, 62)
2025-01-27 22:26:57,693 - INFO - Calculating recency...
2025-01-27 22:26:57,787 - INFO - Recency calculation successful, resulting dataframe shape: (95662, 63)
2025-01-27 22:26:57,840 - INFO - Calculating frequency...
2025-01-27 22:26:57,841 - INFO - Frequency calculation successful, resulting dataframe shape: (95662, 64)
2025-01-27 22:30:00,258 - INFO - RFMSRiskClassifier initialized with dataframe of shape (95662, 62)
2025-01-27 22:30:00,264 - INFO - Calculating recency...
2025-01-27 22:30:00,319 - INFO - Recency calculation successful, resulting dataframe shape: (95662, 63)
2025-01-27 22:30:00,378 - INFO - Calculating frequency...
2025-01-27 22:30:00,379 - INFO - Frequency calculation successful, resulting dataframe shape: (95662, 64)
2025-01-27 22:30:59,493 - INFO - RFMSRiskClassifier initialized with dataframe of shape (95662, 62)
2025-01-27 22:30:59,497 - INFO - Calculating recency...
2025-01-27 22:30:59,552 - INFO - Recency calculation successful, resulting dataframe shape: (95662, 63)
2025-01-27 22:30:59,603 - INFO - Calculating frequency...
2025-01-27 22:30:59,604 - INFO - Frequency calculation successful, resulting dataframe shape: (95662, 64)
2025-01-27 22:30:59,661 - INFO - Calculating monetary value...
2025-01-27 22:30:59,690 - INFO - Monetary calculation successful, resulting dataframe shape: (95662, 65)
2025-01-27 22:32:27,307 - INFO - RFMSRiskClassifier initialized with dataframe of shape (95662, 62)
2025-01-27 22:32:27,313 - INFO - Calculating recency...
2025-01-27 22:32:27,365 - INFO - Recency calculation successful, resulting dataframe shape: (95662, 63)
2025-01-27 22:32:27,414 - INFO - Calculating frequency...
2025-01-27 22:32:27,415 - INFO - Frequency calculation successful, resulting dataframe shape: (95662, 64)
2025-01-27 22:32:27,478 - INFO - Calculating monetary value...
2025-01-27 22:32:27,485 - INFO - Monetary calculation successful, resulting dataframe shape: (95662, 65)
2025-01-27 22:32:27,539 - INFO - Calculating seasonality...
2025-01-27 22:32:27,745 - INFO - Seasonality calculation successful, resulting dataframe shape: (95662, 66)
2025-01-27 22:34:00,867 - INFO - RFMSRiskClassifier initialized with dataframe of shape (95662, 62)
2025-01-27 22:34:00,873 - INFO - Calculating recency...
2025-01-27 22:34:00,925 - INFO - Recency calculation successful, resulting dataframe shape: (95662, 63)
2025-01-27 22:34:00,976 - INFO - Calculating frequency...
2025-01-27 22:34:00,977 - INFO - Frequency calculation successful, resulting dataframe shape: (95662, 64)
2025-01-27 22:34:01,030 - INFO - Calculating monetary value...
2025-01-27 22:34:01,037 - INFO - Monetary calculation successful, resulting dataframe shape: (95662, 65)
2025-01-27 22:34:01,092 - INFO - Calculating seasonality...
2025-01-27 22:34:01,320 - INFO - Seasonality calculation successful, resulting dataframe shape: (95662, 66)
2025-01-27 22:34:01,369 - INFO - Normalizing RFMS columns...
2025-01-27 22:34:01,379 - INFO - RFMS normalization successful, resulting dataframe shape: (95662, 66)
