2025-03-11 13:14:14,583 - INFO - Logging setup complete. Logs will be saved to: ../logs/model_evaluator_2025-03-11_13-14-14.log
2025-03-11 13:14:14,583 - INFO - ModelEvaluator initialized.
2025-03-11 13:14:14,583 - INFO - MLflow experiment 'Test_Model_Evaluation' initialized.
2025-03-11 13:14:14,584 - INFO - Data split into training and testing sets.
2025-03-11 13:14:18,043 - INFO - Logistic Regression model logged to MLflow.
2025-03-11 13:14:45,360 - INFO - Random Forest model logged to MLflow.
2025-03-11 13:14:45,364 - INFO - Classification report for Logistic Regression:
              precision    recall  f1-score   support

           0       1.00      1.00      1.00         9
           1       1.00      1.00      1.00        11

    accuracy                           1.00        20
   macro avg       1.00      1.00      1.00        20
weighted avg       1.00      1.00      1.00        20

2025-03-11 13:14:45,370 - INFO - Classification report for Random Forest:
              precision    recall  f1-score   support

           0       0.90      1.00      0.95         9
           1       1.00      0.91      0.95        11

    accuracy                           0.95        20
   macro avg       0.95      0.95      0.95        20
weighted avg       0.96      0.95      0.95        20

2025-03-11 13:14:45,371 - INFO - Data split into training and testing sets.
2025-03-11 13:14:47,127 - INFO - Logistic Regression model logged to MLflow.
2025-03-11 13:15:23,862 - INFO - Random Forest model logged to MLflow.
2025-03-11 13:15:23,955 - INFO - Model metric comparisons plotted successfully.
2025-03-11 13:15:23,956 - INFO - Data split into training and testing sets.
2025-03-11 13:15:25,870 - INFO - Logistic Regression model logged to MLflow.
2025-03-11 13:16:05,006 - INFO - Random Forest model logged to MLflow.
2025-03-11 13:16:05,029 - INFO - Model comparisons plotted successfully.
2025-03-11 13:16:05,030 - INFO - Data split into training and testing sets.
2025-03-11 13:16:07,130 - INFO - Logistic Regression model logged to MLflow.
