2025-03-11 13:23:25,200 - INFO - Logging setup complete. Logs will be saved to: ../logs/model_evaluator_2025-03-11_13-23-25.log
2025-03-11 13:23:25,200 - INFO - ModelEvaluator initialized.
2025-03-11 13:23:25,201 - INFO - MLflow experiment 'Test_Model_Evaluation' initialized.
2025-03-11 13:23:25,202 - INFO - Data split into training and testing sets.
2025-03-11 13:23:28,659 - INFO - Logistic Regression model logged to MLflow.
2025-03-11 13:23:57,272 - INFO - Random Forest model logged to MLflow.
2025-03-11 13:23:57,276 - INFO - Classification report for Logistic Regression:
              precision    recall  f1-score   support

           0       1.00      1.00      1.00         9
           1       1.00      1.00      1.00        11

    accuracy                           1.00        20
   macro avg       1.00      1.00      1.00        20
weighted avg       1.00      1.00      1.00        20

2025-03-11 13:23:57,287 - INFO - Classification report for Random Forest:
              precision    recall  f1-score   support

           0       1.00      1.00      1.00         9
           1       1.00      1.00      1.00        11

    accuracy                           1.00        20
   macro avg       1.00      1.00      1.00        20
weighted avg       1.00      1.00      1.00        20

2025-03-11 13:23:57,288 - INFO - Data split into training and testing sets.
2025-03-11 13:23:59,218 - INFO - Logistic Regression model logged to MLflow.
2025-03-11 13:24:38,022 - INFO - Random Forest model logged to MLflow.
2025-03-11 13:24:38,124 - INFO - Model metric comparisons plotted successfully.
2025-03-11 13:24:38,125 - INFO - Data split into training and testing sets.
2025-03-11 13:24:40,083 - INFO - Logistic Regression model logged to MLflow.
2025-03-11 13:25:28,656 - INFO - Random Forest model logged to MLflow.
2025-03-11 13:25:28,681 - INFO - Model comparisons plotted successfully.
2025-03-11 13:25:28,682 - INFO - Data split into training and testing sets.
2025-03-11 13:25:30,847 - INFO - Logistic Regression model logged to MLflow.
